Application     C:\Users\Guest\Documents\csPro\children\children_HIV.ent
Type            ENTRY
Input Data      <<Text File>> C:\Users\Guest\Documents\csPro\children\children_HIV_data.dat

Date            Jun 27, 2017
Start Time      09:16:09
End Time        09:16:16

CSPRO Process Summary

System messages:

 Number    Frequency   Message text
 ------    ---------   ------------
   1026            1   Id-variables not filled, please reenter          

CSPRO Executor Normal End
--------------------------------------------------------------------------------
Application     C:\Users\Guest\Documents\csPro\children\children_HIV.ent
Type            ENTRY
Input Data      <<Text File>> C:\Users\Guest\Documents\csPro\children\children_HIV_data.dat

Date            Jun 27, 2017
Start Time      09:29:32
End Time        09:29:52

CSPRO Process Summary

System messages:

 Number    Frequency   Message text
 ------    ---------   ------------
   1026            3   Id-variables not filled, please reenter          

CSPRO Executor Normal End
--------------------------------------------------------------------------------
Application     C:\Users\Guest\Documents\csPro\children\children_HIV.ent
Type            ENTRY
Input Data      <<Text File>> C:\Users\Guest\Documents\csPro\children\children_HIV_data.dat

Date            Jun 27, 2017
Start Time      09:29:56
End Time        09:30:28

CSPRO Process Summary

System messages:

 Number    Frequency   Message text
 ------    ---------   ------------
   1026            8   Id-variables not filled, please reenter          

CSPRO Executor Normal End
--------------------------------------------------------------------------------
Application     C:\Users\Guest\Documents\csPro\children\children_HIV.ent
Type            ENTRY
Input Data      <<Text File>> C:\Users\Guest\Documents\csPro\children\children_HIV_data.dat

Date            Jun 27, 2017
Start Time      09:30:33
End Time        09:30:40

CSPRO Process Summary

System messages:

 Number    Frequency   Message text
 ------    ---------   ------------
   1026            9   Id-variables not filled, please reenter          

CSPRO Executor Normal End
--------------------------------------------------------------------------------
Application     C:\Users\Guest\Documents\csPro\children\children_HIV.ent
Type            ENTRY
Input Data      <<Text File>> C:\Users\Guest\Documents\csPro\children\children_HIV_data.dat

Date            Jun 27, 2017
Start Time      09:30:43
End Time        09:30:56

CSPRO Process Summary

System messages:

 Number    Frequency   Message text
 ------    ---------   ------------
   1026           10   Id-variables not filled, please reenter          

CSPRO Executor Normal End
--------------------------------------------------------------------------------
Application     C:\Users\Guest\Documents\csPro\children\children_HIV.ent
Type            ENTRY
Input Data      <<Text File>> C:\Users\Guest\Documents\csPro\children\children_HIV_data.dat

Date            Jun 27, 2017
Start Time      09:30:59
End Time        09:31:12

CSPRO Process Summary

System messages:

 Number    Frequency   Message text
 ------    ---------   ------------
   1026           11   Id-variables not filled, please reenter          

CSPRO Executor Normal End
--------------------------------------------------------------------------------
Application     C:\Users\Guest\Documents\csPro\children\children_HIV.ent
Type            ENTRY
Input Data      <<Text File>> C:\Users\Guest\Documents\csPro\children\children_HIV_data.dat

Date            Jun 27, 2017
Start Time      16:41:45
End Time        17:01:20

CSPRO Process Summary

System messages:

 Number    Frequency   Message text
 ------    ---------   ------------
  92103            2   New case ids '%s'. Old ids were '%s'.            
  99990           23   Operator entered a value out of range            

CSPRO Executor Normal End
--------------------------------------------------------------------------------
Application     C:\Users\Guest\Pictures\children\children_HIV.ent
Type            ENTRY
Input Data      <<Text File>> C:\Users\Guest\Pictures\children\children_HIV_data.dat

Date            Jun 28, 2017
Start Time      09:27:05
End Time        09:41:32

CSPRO Process Summary

System messages:

 Number    Frequency   Message text
 ------    ---------   ------------
  92103            1   New case ids '%s'. Old ids were '%s'.            
  99990            2   Operator entered a value out of range            

CSPRO Executor Normal End
--------------------------------------------------------------------------------
Application     C:\Users\Guest\Pictures\children\children_HIV.ent
Type            ENTRY
Input Data      <<Text File>> C:\Users\Guest\Pictures\children\children_HIV_data.dat

Date            Jun 28, 2017
Start Time      09:41:44
End Time        14:10:27

CSPRO Process Summary

System messages:

 Number    Frequency   Message text
 ------    ---------   ------------
  92103            2   New case ids '%s'. Old ids were '%s'.            
  99990            2   Operator entered a value out of range            

CSPRO Executor Normal End
--------------------------------------------------------------------------------
Application     C:\Users\Guest\Pictures\children\children_HIV.ent
Type            ENTRY
Input Data      <<Text File>> C:\Users\Guest\Pictures\children\children_HIV_data.dat

Date            Jun 28, 2017
Start Time      14:10:43
End Time        14:14:37

CSPRO Process Summary

System messages:

 Number    Frequency   Message text
 ------    ---------   ------------
  92103            5   New case ids '%s'. Old ids were '%s'.            
  99990            4   Operator entered a value out of range            

CSPRO Executor Normal End
--------------------------------------------------------------------------------
Application     C:\Users\Guest\Pictures\children\children_HIV.ent
Type            ENTRY
Input Data      <<Text File>> C:\Users\Guest\Pictures\children\children_HIV_data.dat

Date            Jun 28, 2017
Start Time      14:14:40
End Time        15:04:47

CSPRO Process Summary

System messages:

 Number    Frequency   Message text
 ------    ---------   ------------
  92103            5   New case ids '%s'. Old ids were '%s'.            
  99990            7   Operator entered a value out of range            

CSPRO Executor Normal End
--------------------------------------------------------------------------------
Application     C:\Users\Guest\Pictures\children\children_HIV.ent
Type            ENTRY
Input Data      <<Text File>> C:\Users\Guest\Pictures\children\children_HIV_data.dat

Date            Jun 28, 2017
Start Time      15:59:42
End Time        16:12:44

CSPRO Process Summary

CSPRO Executor Normal End
--------------------------------------------------------------------------------
Application     C:\Users\Guest\Pictures\children\children_HIV.ent
Type            ENTRY
Input Data      <<Text File>> C:\Users\Guest\Pictures\children\children_HIV_data.dat

Date            Jun 28, 2017
Start Time      16:13:35
End Time        16:15:16

CSPRO Process Summary

CSPRO Executor Normal End
--------------------------------------------------------------------------------
Application     C:\Users\Guest\Pictures\children\children_HIV.ent
Type            ENTRY
Input Data      <<Text File>> C:\Users\Guest\Pictures\children\children_HIV_data.dat

Date            Jun 28, 2017
Start Time      16:15:23
End Time        16:15:36

CSPRO Process Summary

CSPRO Executor Normal End
--------------------------------------------------------------------------------
Application     C:\Users\Guest\Pictures\children\children_HIV.ent
Type            ENTRY
Input Data      <<Text File>> C:\Users\Guest\Pictures\children\children_HIV_data.dat

Date            Jun 28, 2017
Start Time      16:15:40
End Time        16:16:14

CSPRO Process Summary

CSPRO Executor Normal End
--------------------------------------------------------------------------------
Application     C:\Users\Guest\Pictures\children\children_HIV.ent
Type            ENTRY
Input Data      <<Text File>> C:\Users\Guest\Pictures\children\children_HIV_data.dat

Date            Jun 28, 2017
Start Time      16:16:15
End Time        16:18:28

CSPRO Process Summary

CSPRO Executor Normal End
--------------------------------------------------------------------------------
